<?xml version="1.0" encoding="UTF-8"?>
<!-- Generated by org.testng.reporters.JUnitReportReporter -->
<testsuite hostname="LAPTOP-H6MNQP0B" failures="0" tests="1" name="com.proj.tests.TC001_NaukriLogin" time="22.206" errors="0" timestamp="2023-11-14T20:05:18 IST" skipped="0">
  <testcase classname="com.proj.tests.TC001_NaukriLogin" name="loginNaukri" time="22.206"/>
</testsuite> <!-- com.proj.tests.TC001_NaukriLogin -->
